<?xml version="1.0" encoding="UTF-8"?>
<testsuite xmlns:xsi="http://www.w3.org/2001/XMLSchema-instance" xsi:noNamespaceSchemaLocation="https://maven.apache.org/surefire/maven-surefire-plugin/xsd/surefire-test-report.xsd" name="TestSuite" time="2.24" tests="4" errors="0" skipped="0" failures="0">
  <properties>
    <property name="sun.desktop" value="gnome"/>
    <property name="awt.toolkit" value="sun.awt.X11.XToolkit"/>
    <property name="java.specification.version" value="11"/>
    <property name="sun.cpu.isalist" value=""/>
    <property name="sun.jnu.encoding" value="UTF-8"/>
    <property name="java.class.path" value="/home/zadmin/Mahidhar/Boot-camps/clean-code/cleancode2/zinteract/cleancode2/target/test-classes:/home/zadmin/Mahidhar/Boot-camps/clean-code/cleancode2/zinteract/cleancode2/target/classes:/home/zadmin/.m2/repository/org/springframework/boot/spring-boot-starter-web/2.3.3.RELEASE/spring-boot-starter-web-2.3.3.RELEASE.jar:/home/zadmin/.m2/repository/org/springframework/boot/spring-boot-starter/2.3.3.RELEASE/spring-boot-starter-2.3.3.RELEASE.jar:/home/zadmin/.m2/repository/org/springframework/boot/spring-boot-starter-logging/2.3.3.RELEASE/spring-boot-starter-logging-2.3.3.RELEASE.jar:/home/zadmin/.m2/repository/ch/qos/logback/logback-classic/1.2.3/logback-classic-1.2.3.jar:/home/zadmin/.m2/repository/ch/qos/logback/logback-core/1.2.3/logback-core-1.2.3.jar:/home/zadmin/.m2/repository/org/apache/logging/log4j/log4j-to-slf4j/2.13.3/log4j-to-slf4j-2.13.3.jar:/home/zadmin/.m2/repository/org/apache/logging/log4j/log4j-api/2.13.3/log4j-api-2.13.3.jar:/home/zadmin/.m2/repository/org/slf4j/jul-to-slf4j/1.7.30/jul-to-slf4j-1.7.30.jar:/home/zadmin/.m2/repository/jakarta/annotation/jakarta.annotation-api/1.3.5/jakarta.annotation-api-1.3.5.jar:/home/zadmin/.m2/repository/org/yaml/snakeyaml/1.26/snakeyaml-1.26.jar:/home/zadmin/.m2/repository/org/springframework/boot/spring-boot-starter-json/2.3.3.RELEASE/spring-boot-starter-json-2.3.3.RELEASE.jar:/home/zadmin/.m2/repository/com/fasterxml/jackson/core/jackson-databind/2.11.2/jackson-databind-2.11.2.jar:/home/zadmin/.m2/repository/com/fasterxml/jackson/core/jackson-annotations/2.11.2/jackson-annotations-2.11.2.jar:/home/zadmin/.m2/repository/com/fasterxml/jackson/core/jackson-core/2.11.2/jackson-core-2.11.2.jar:/home/zadmin/.m2/repository/com/fasterxml/jackson/datatype/jackson-datatype-jdk8/2.11.2/jackson-datatype-jdk8-2.11.2.jar:/home/zadmin/.m2/repository/com/fasterxml/jackson/datatype/jackson-datatype-jsr310/2.11.2/jackson-datatype-jsr310-2.11.2.jar:/home/zadmin/.m2/repository/com/fasterxml/jackson/module/jackson-module-parameter-names/2.11.2/jackson-module-parameter-names-2.11.2.jar:/home/zadmin/.m2/repository/org/springframework/boot/spring-boot-starter-tomcat/2.3.3.RELEASE/spring-boot-starter-tomcat-2.3.3.RELEASE.jar:/home/zadmin/.m2/repository/org/apache/tomcat/embed/tomcat-embed-core/9.0.37/tomcat-embed-core-9.0.37.jar:/home/zadmin/.m2/repository/org/glassfish/jakarta.el/3.0.3/jakarta.el-3.0.3.jar:/home/zadmin/.m2/repository/org/apache/tomcat/embed/tomcat-embed-websocket/9.0.37/tomcat-embed-websocket-9.0.37.jar:/home/zadmin/.m2/repository/org/springframework/spring-web/5.2.8.RELEASE/spring-web-5.2.8.RELEASE.jar:/home/zadmin/.m2/repository/org/springframework/spring-beans/5.2.8.RELEASE/spring-beans-5.2.8.RELEASE.jar:/home/zadmin/.m2/repository/org/springframework/spring-webmvc/5.2.8.RELEASE/spring-webmvc-5.2.8.RELEASE.jar:/home/zadmin/.m2/repository/org/springframework/spring-aop/5.2.8.RELEASE/spring-aop-5.2.8.RELEASE.jar:/home/zadmin/.m2/repository/org/springframework/spring-context/5.2.8.RELEASE/spring-context-5.2.8.RELEASE.jar:/home/zadmin/.m2/repository/org/springframework/spring-expression/5.2.8.RELEASE/spring-expression-5.2.8.RELEASE.jar:/home/zadmin/.m2/repository/org/springframework/boot/spring-boot-devtools/2.3.3.RELEASE/spring-boot-devtools-2.3.3.RELEASE.jar:/home/zadmin/.m2/repository/org/springframework/boot/spring-boot/2.3.3.RELEASE/spring-boot-2.3.3.RELEASE.jar:/home/zadmin/.m2/repository/org/springframework/boot/spring-boot-autoconfigure/2.3.3.RELEASE/spring-boot-autoconfigure-2.3.3.RELEASE.jar:/home/zadmin/.m2/repository/org/projectlombok/lombok/1.18.8/lombok-1.18.8.jar:/home/zadmin/.m2/repository/org/springframework/boot/spring-boot-starter-test/2.3.3.RELEASE/spring-boot-starter-test-2.3.3.RELEASE.jar:/home/zadmin/.m2/repository/org/springframework/boot/spring-boot-test/2.3.3.RELEASE/spring-boot-test-2.3.3.RELEASE.jar:/home/zadmin/.m2/repository/org/springframework/boot/spring-boot-test-autoconfigure/2.3.3.RELEASE/spring-boot-test-autoconfigure-2.3.3.RELEASE.jar:/home/zadmin/.m2/repository/com/jayway/jsonpath/json-path/2.4.0/json-path-2.4.0.jar:/home/zadmin/.m2/repository/net/minidev/json-smart/2.3/json-smart-2.3.jar:/home/zadmin/.m2/repository/net/minidev/accessors-smart/1.2/accessors-smart-1.2.jar:/home/zadmin/.m2/repository/org/ow2/asm/asm/5.0.4/asm-5.0.4.jar:/home/zadmin/.m2/repository/org/slf4j/slf4j-api/1.7.30/slf4j-api-1.7.30.jar:/home/zadmin/.m2/repository/jakarta/xml/bind/jakarta.xml.bind-api/2.3.3/jakarta.xml.bind-api-2.3.3.jar:/home/zadmin/.m2/repository/jakarta/activation/jakarta.activation-api/1.2.2/jakarta.activation-api-1.2.2.jar:/home/zadmin/.m2/repository/org/assertj/assertj-core/3.16.1/assertj-core-3.16.1.jar:/home/zadmin/.m2/repository/org/hamcrest/hamcrest/2.2/hamcrest-2.2.jar:/home/zadmin/.m2/repository/org/junit/jupiter/junit-jupiter/5.6.2/junit-jupiter-5.6.2.jar:/home/zadmin/.m2/repository/org/junit/jupiter/junit-jupiter-api/5.6.2/junit-jupiter-api-5.6.2.jar:/home/zadmin/.m2/repository/org/apiguardian/apiguardian-api/1.1.0/apiguardian-api-1.1.0.jar:/home/zadmin/.m2/repository/org/opentest4j/opentest4j/1.2.0/opentest4j-1.2.0.jar:/home/zadmin/.m2/repository/org/junit/platform/junit-platform-commons/1.6.2/junit-platform-commons-1.6.2.jar:/home/zadmin/.m2/repository/org/junit/jupiter/junit-jupiter-params/5.6.2/junit-jupiter-params-5.6.2.jar:/home/zadmin/.m2/repository/org/junit/jupiter/junit-jupiter-engine/5.6.2/junit-jupiter-engine-5.6.2.jar:/home/zadmin/.m2/repository/org/junit/platform/junit-platform-engine/1.6.2/junit-platform-engine-1.6.2.jar:/home/zadmin/.m2/repository/org/mockito/mockito-core/3.3.3/mockito-core-3.3.3.jar:/home/zadmin/.m2/repository/net/bytebuddy/byte-buddy/1.10.14/byte-buddy-1.10.14.jar:/home/zadmin/.m2/repository/net/bytebuddy/byte-buddy-agent/1.10.14/byte-buddy-agent-1.10.14.jar:/home/zadmin/.m2/repository/org/objenesis/objenesis/2.6/objenesis-2.6.jar:/home/zadmin/.m2/repository/org/mockito/mockito-junit-jupiter/3.3.3/mockito-junit-jupiter-3.3.3.jar:/home/zadmin/.m2/repository/org/skyscreamer/jsonassert/1.5.0/jsonassert-1.5.0.jar:/home/zadmin/.m2/repository/com/vaadin/external/google/android-json/0.0.20131108.vaadin1/android-json-0.0.20131108.vaadin1.jar:/home/zadmin/.m2/repository/org/springframework/spring-core/5.2.8.RELEASE/spring-core-5.2.8.RELEASE.jar:/home/zadmin/.m2/repository/org/springframework/spring-jcl/5.2.8.RELEASE/spring-jcl-5.2.8.RELEASE.jar:/home/zadmin/.m2/repository/org/springframework/spring-test/5.2.8.RELEASE/spring-test-5.2.8.RELEASE.jar:/home/zadmin/.m2/repository/org/xmlunit/xmlunit-core/2.7.0/xmlunit-core-2.7.0.jar:/home/zadmin/.m2/repository/com/google/code/gson/gson/2.3.1/gson-2.3.1.jar:/home/zadmin/.m2/repository/org/codehaus/groovy/groovy/2.5.13/groovy-2.5.13.jar:/home/zadmin/.m2/repository/org/codehaus/groovy/groovy-ant/2.5.13/groovy-ant-2.5.13.jar:/home/zadmin/.m2/repository/org/apache/ant/ant/1.9.15/ant-1.9.15.jar:/home/zadmin/.m2/repository/org/apache/ant/ant-junit/1.9.15/ant-junit-1.9.15.jar:/home/zadmin/.m2/repository/org/apache/ant/ant-launcher/1.9.15/ant-launcher-1.9.15.jar:/home/zadmin/.m2/repository/org/apache/ant/ant-antlr/1.9.15/ant-antlr-1.9.15.jar:/home/zadmin/.m2/repository/org/codehaus/groovy/groovy-astbuilder/3.0.7/groovy-astbuilder-3.0.7.jar:/home/zadmin/.m2/repository/org/codehaus/groovy/groovy-cli-picocli/2.5.13/groovy-cli-picocli-2.5.13.jar:/home/zadmin/.m2/repository/info/picocli/picocli/4.3.2/picocli-4.3.2.jar:/home/zadmin/.m2/repository/org/codehaus/groovy/groovy-console/2.5.13/groovy-console-2.5.13.jar:/home/zadmin/.m2/repository/org/codehaus/groovy/groovy-datetime/2.5.13/groovy-datetime-2.5.13.jar:/home/zadmin/.m2/repository/org/codehaus/groovy/groovy-docgenerator/2.5.13/groovy-docgenerator-2.5.13.jar:/home/zadmin/.m2/repository/com/thoughtworks/qdox/qdox/1.12.1/qdox-1.12.1.jar:/home/zadmin/.m2/repository/org/codehaus/groovy/groovy-groovydoc/2.5.13/groovy-groovydoc-2.5.13.jar:/home/zadmin/.m2/repository/org/codehaus/groovy/groovy-groovysh/2.5.13/groovy-groovysh-2.5.13.jar:/home/zadmin/.m2/repository/jline/jline/2.14.6/jline-2.14.6.jar:/home/zadmin/.m2/repository/org/codehaus/groovy/groovy-jmx/2.5.13/groovy-jmx-2.5.13.jar:/home/zadmin/.m2/repository/org/codehaus/groovy/groovy-json/2.5.13/groovy-json-2.5.13.jar:/home/zadmin/.m2/repository/org/codehaus/groovy/groovy-jsr223/2.5.13/groovy-jsr223-2.5.13.jar:/home/zadmin/.m2/repository/org/codehaus/groovy/groovy-macro/2.5.13/groovy-macro-2.5.13.jar:/home/zadmin/.m2/repository/org/codehaus/groovy/groovy-nio/2.5.13/groovy-nio-2.5.13.jar:/home/zadmin/.m2/repository/org/codehaus/groovy/groovy-servlet/2.5.13/groovy-servlet-2.5.13.jar:/home/zadmin/.m2/repository/org/codehaus/groovy/groovy-sql/2.5.13/groovy-sql-2.5.13.jar:/home/zadmin/.m2/repository/org/codehaus/groovy/groovy-swing/2.5.13/groovy-swing-2.5.13.jar:/home/zadmin/.m2/repository/org/codehaus/groovy/groovy-templates/2.5.13/groovy-templates-2.5.13.jar:/home/zadmin/.m2/repository/org/codehaus/groovy/groovy-test/2.5.13/groovy-test-2.5.13.jar:/home/zadmin/.m2/repository/junit/junit/4.13/junit-4.13.jar:/home/zadmin/.m2/repository/org/hamcrest/hamcrest-core/2.2/hamcrest-core-2.2.jar:/home/zadmin/.m2/repository/org/codehaus/groovy/groovy-test-junit5/2.5.13/groovy-test-junit5-2.5.13.jar:/home/zadmin/.m2/repository/org/junit/platform/junit-platform-launcher/1.6.2/junit-platform-launcher-1.6.2.jar:/home/zadmin/.m2/repository/org/codehaus/groovy/groovy-testng/2.5.13/groovy-testng-2.5.13.jar:/home/zadmin/.m2/repository/org/testng/testng/6.13.1/testng-6.13.1.jar:/home/zadmin/.m2/repository/com/beust/jcommander/1.72/jcommander-1.72.jar:/home/zadmin/.m2/repository/org/codehaus/groovy/groovy-xml/2.5.13/groovy-xml-2.5.13.jar:/home/zadmin/.m2/repository/commons-lang/commons-lang/2.3/commons-lang-2.3.jar:/home/zadmin/.m2/repository/log4j/log4j/1.2.15/log4j-1.2.15.jar:/home/zadmin/.m2/repository/javax/mail/mail/1.4/mail-1.4.jar:/home/zadmin/.m2/repository/javax/activation/activation/1.1/activation-1.1.jar:"/>
    <property name="java.vm.vendor" value="Oracle Corporation"/>
    <property name="sun.arch.data.model" value="64"/>
    <property name="java.vendor.url" value="https://openjdk.java.net/"/>
    <property name="user.timezone" value=""/>
    <property name="java.vm.specification.version" value="11"/>
    <property name="os.name" value="Linux"/>
    <property name="sun.java.launcher" value="SUN_STANDARD"/>
    <property name="user.country" value="IN"/>
    <property name="sun.boot.library.path" value="/usr/lib/jvm/jdk-11.0.9/lib"/>
    <property name="sun.java.command" value="/home/zadmin/Mahidhar/Boot-camps/clean-code/cleancode2/zinteract/cleancode2/target/surefire/surefirebooter18352832079144749123.jar /home/zadmin/Mahidhar/Boot-camps/clean-code/cleancode2/zinteract/cleancode2/target/surefire 2020-12-16T15-02-45_020-jvmRun1 surefire1947189812071192312tmp surefire_02726773891722709238tmp"/>
    <property name="jdk.debug" value="release"/>
    <property name="surefire.test.class.path" value="/home/zadmin/Mahidhar/Boot-camps/clean-code/cleancode2/zinteract/cleancode2/target/test-classes:/home/zadmin/Mahidhar/Boot-camps/clean-code/cleancode2/zinteract/cleancode2/target/classes:/home/zadmin/.m2/repository/org/springframework/boot/spring-boot-starter-web/2.3.3.RELEASE/spring-boot-starter-web-2.3.3.RELEASE.jar:/home/zadmin/.m2/repository/org/springframework/boot/spring-boot-starter/2.3.3.RELEASE/spring-boot-starter-2.3.3.RELEASE.jar:/home/zadmin/.m2/repository/org/springframework/boot/spring-boot-starter-logging/2.3.3.RELEASE/spring-boot-starter-logging-2.3.3.RELEASE.jar:/home/zadmin/.m2/repository/ch/qos/logback/logback-classic/1.2.3/logback-classic-1.2.3.jar:/home/zadmin/.m2/repository/ch/qos/logback/logback-core/1.2.3/logback-core-1.2.3.jar:/home/zadmin/.m2/repository/org/apache/logging/log4j/log4j-to-slf4j/2.13.3/log4j-to-slf4j-2.13.3.jar:/home/zadmin/.m2/repository/org/apache/logging/log4j/log4j-api/2.13.3/log4j-api-2.13.3.jar:/home/zadmin/.m2/repository/org/slf4j/jul-to-slf4j/1.7.30/jul-to-slf4j-1.7.30.jar:/home/zadmin/.m2/repository/jakarta/annotation/jakarta.annotation-api/1.3.5/jakarta.annotation-api-1.3.5.jar:/home/zadmin/.m2/repository/org/yaml/snakeyaml/1.26/snakeyaml-1.26.jar:/home/zadmin/.m2/repository/org/springframework/boot/spring-boot-starter-json/2.3.3.RELEASE/spring-boot-starter-json-2.3.3.RELEASE.jar:/home/zadmin/.m2/repository/com/fasterxml/jackson/core/jackson-databind/2.11.2/jackson-databind-2.11.2.jar:/home/zadmin/.m2/repository/com/fasterxml/jackson/core/jackson-annotations/2.11.2/jackson-annotations-2.11.2.jar:/home/zadmin/.m2/repository/com/fasterxml/jackson/core/jackson-core/2.11.2/jackson-core-2.11.2.jar:/home/zadmin/.m2/repository/com/fasterxml/jackson/datatype/jackson-datatype-jdk8/2.11.2/jackson-datatype-jdk8-2.11.2.jar:/home/zadmin/.m2/repository/com/fasterxml/jackson/datatype/jackson-datatype-jsr310/2.11.2/jackson-datatype-jsr310-2.11.2.jar:/home/zadmin/.m2/repository/com/fasterxml/jackson/module/jackson-module-parameter-names/2.11.2/jackson-module-parameter-names-2.11.2.jar:/home/zadmin/.m2/repository/org/springframework/boot/spring-boot-starter-tomcat/2.3.3.RELEASE/spring-boot-starter-tomcat-2.3.3.RELEASE.jar:/home/zadmin/.m2/repository/org/apache/tomcat/embed/tomcat-embed-core/9.0.37/tomcat-embed-core-9.0.37.jar:/home/zadmin/.m2/repository/org/glassfish/jakarta.el/3.0.3/jakarta.el-3.0.3.jar:/home/zadmin/.m2/repository/org/apache/tomcat/embed/tomcat-embed-websocket/9.0.37/tomcat-embed-websocket-9.0.37.jar:/home/zadmin/.m2/repository/org/springframework/spring-web/5.2.8.RELEASE/spring-web-5.2.8.RELEASE.jar:/home/zadmin/.m2/repository/org/springframework/spring-beans/5.2.8.RELEASE/spring-beans-5.2.8.RELEASE.jar:/home/zadmin/.m2/repository/org/springframework/spring-webmvc/5.2.8.RELEASE/spring-webmvc-5.2.8.RELEASE.jar:/home/zadmin/.m2/repository/org/springframework/spring-aop/5.2.8.RELEASE/spring-aop-5.2.8.RELEASE.jar:/home/zadmin/.m2/repository/org/springframework/spring-context/5.2.8.RELEASE/spring-context-5.2.8.RELEASE.jar:/home/zadmin/.m2/repository/org/springframework/spring-expression/5.2.8.RELEASE/spring-expression-5.2.8.RELEASE.jar:/home/zadmin/.m2/repository/org/springframework/boot/spring-boot-devtools/2.3.3.RELEASE/spring-boot-devtools-2.3.3.RELEASE.jar:/home/zadmin/.m2/repository/org/springframework/boot/spring-boot/2.3.3.RELEASE/spring-boot-2.3.3.RELEASE.jar:/home/zadmin/.m2/repository/org/springframework/boot/spring-boot-autoconfigure/2.3.3.RELEASE/spring-boot-autoconfigure-2.3.3.RELEASE.jar:/home/zadmin/.m2/repository/org/projectlombok/lombok/1.18.8/lombok-1.18.8.jar:/home/zadmin/.m2/repository/org/springframework/boot/spring-boot-starter-test/2.3.3.RELEASE/spring-boot-starter-test-2.3.3.RELEASE.jar:/home/zadmin/.m2/repository/org/springframework/boot/spring-boot-test/2.3.3.RELEASE/spring-boot-test-2.3.3.RELEASE.jar:/home/zadmin/.m2/repository/org/springframework/boot/spring-boot-test-autoconfigure/2.3.3.RELEASE/spring-boot-test-autoconfigure-2.3.3.RELEASE.jar:/home/zadmin/.m2/repository/com/jayway/jsonpath/json-path/2.4.0/json-path-2.4.0.jar:/home/zadmin/.m2/repository/net/minidev/json-smart/2.3/json-smart-2.3.jar:/home/zadmin/.m2/repository/net/minidev/accessors-smart/1.2/accessors-smart-1.2.jar:/home/zadmin/.m2/repository/org/ow2/asm/asm/5.0.4/asm-5.0.4.jar:/home/zadmin/.m2/repository/org/slf4j/slf4j-api/1.7.30/slf4j-api-1.7.30.jar:/home/zadmin/.m2/repository/jakarta/xml/bind/jakarta.xml.bind-api/2.3.3/jakarta.xml.bind-api-2.3.3.jar:/home/zadmin/.m2/repository/jakarta/activation/jakarta.activation-api/1.2.2/jakarta.activation-api-1.2.2.jar:/home/zadmin/.m2/repository/org/assertj/assertj-core/3.16.1/assertj-core-3.16.1.jar:/home/zadmin/.m2/repository/org/hamcrest/hamcrest/2.2/hamcrest-2.2.jar:/home/zadmin/.m2/repository/org/junit/jupiter/junit-jupiter/5.6.2/junit-jupiter-5.6.2.jar:/home/zadmin/.m2/repository/org/junit/jupiter/junit-jupiter-api/5.6.2/junit-jupiter-api-5.6.2.jar:/home/zadmin/.m2/repository/org/apiguardian/apiguardian-api/1.1.0/apiguardian-api-1.1.0.jar:/home/zadmin/.m2/repository/org/opentest4j/opentest4j/1.2.0/opentest4j-1.2.0.jar:/home/zadmin/.m2/repository/org/junit/platform/junit-platform-commons/1.6.2/junit-platform-commons-1.6.2.jar:/home/zadmin/.m2/repository/org/junit/jupiter/junit-jupiter-params/5.6.2/junit-jupiter-params-5.6.2.jar:/home/zadmin/.m2/repository/org/junit/jupiter/junit-jupiter-engine/5.6.2/junit-jupiter-engine-5.6.2.jar:/home/zadmin/.m2/repository/org/junit/platform/junit-platform-engine/1.6.2/junit-platform-engine-1.6.2.jar:/home/zadmin/.m2/repository/org/mockito/mockito-core/3.3.3/mockito-core-3.3.3.jar:/home/zadmin/.m2/repository/net/bytebuddy/byte-buddy/1.10.14/byte-buddy-1.10.14.jar:/home/zadmin/.m2/repository/net/bytebuddy/byte-buddy-agent/1.10.14/byte-buddy-agent-1.10.14.jar:/home/zadmin/.m2/repository/org/objenesis/objenesis/2.6/objenesis-2.6.jar:/home/zadmin/.m2/repository/org/mockito/mockito-junit-jupiter/3.3.3/mockito-junit-jupiter-3.3.3.jar:/home/zadmin/.m2/repository/org/skyscreamer/jsonassert/1.5.0/jsonassert-1.5.0.jar:/home/zadmin/.m2/repository/com/vaadin/external/google/android-json/0.0.20131108.vaadin1/android-json-0.0.20131108.vaadin1.jar:/home/zadmin/.m2/repository/org/springframework/spring-core/5.2.8.RELEASE/spring-core-5.2.8.RELEASE.jar:/home/zadmin/.m2/repository/org/springframework/spring-jcl/5.2.8.RELEASE/spring-jcl-5.2.8.RELEASE.jar:/home/zadmin/.m2/repository/org/springframework/spring-test/5.2.8.RELEASE/spring-test-5.2.8.RELEASE.jar:/home/zadmin/.m2/repository/org/xmlunit/xmlunit-core/2.7.0/xmlunit-core-2.7.0.jar:/home/zadmin/.m2/repository/com/google/code/gson/gson/2.3.1/gson-2.3.1.jar:/home/zadmin/.m2/repository/org/codehaus/groovy/groovy/2.5.13/groovy-2.5.13.jar:/home/zadmin/.m2/repository/org/codehaus/groovy/groovy-ant/2.5.13/groovy-ant-2.5.13.jar:/home/zadmin/.m2/repository/org/apache/ant/ant/1.9.15/ant-1.9.15.jar:/home/zadmin/.m2/repository/org/apache/ant/ant-junit/1.9.15/ant-junit-1.9.15.jar:/home/zadmin/.m2/repository/org/apache/ant/ant-launcher/1.9.15/ant-launcher-1.9.15.jar:/home/zadmin/.m2/repository/org/apache/ant/ant-antlr/1.9.15/ant-antlr-1.9.15.jar:/home/zadmin/.m2/repository/org/codehaus/groovy/groovy-astbuilder/3.0.7/groovy-astbuilder-3.0.7.jar:/home/zadmin/.m2/repository/org/codehaus/groovy/groovy-cli-picocli/2.5.13/groovy-cli-picocli-2.5.13.jar:/home/zadmin/.m2/repository/info/picocli/picocli/4.3.2/picocli-4.3.2.jar:/home/zadmin/.m2/repository/org/codehaus/groovy/groovy-console/2.5.13/groovy-console-2.5.13.jar:/home/zadmin/.m2/repository/org/codehaus/groovy/groovy-datetime/2.5.13/groovy-datetime-2.5.13.jar:/home/zadmin/.m2/repository/org/codehaus/groovy/groovy-docgenerator/2.5.13/groovy-docgenerator-2.5.13.jar:/home/zadmin/.m2/repository/com/thoughtworks/qdox/qdox/1.12.1/qdox-1.12.1.jar:/home/zadmin/.m2/repository/org/codehaus/groovy/groovy-groovydoc/2.5.13/groovy-groovydoc-2.5.13.jar:/home/zadmin/.m2/repository/org/codehaus/groovy/groovy-groovysh/2.5.13/groovy-groovysh-2.5.13.jar:/home/zadmin/.m2/repository/jline/jline/2.14.6/jline-2.14.6.jar:/home/zadmin/.m2/repository/org/codehaus/groovy/groovy-jmx/2.5.13/groovy-jmx-2.5.13.jar:/home/zadmin/.m2/repository/org/codehaus/groovy/groovy-json/2.5.13/groovy-json-2.5.13.jar:/home/zadmin/.m2/repository/org/codehaus/groovy/groovy-jsr223/2.5.13/groovy-jsr223-2.5.13.jar:/home/zadmin/.m2/repository/org/codehaus/groovy/groovy-macro/2.5.13/groovy-macro-2.5.13.jar:/home/zadmin/.m2/repository/org/codehaus/groovy/groovy-nio/2.5.13/groovy-nio-2.5.13.jar:/home/zadmin/.m2/repository/org/codehaus/groovy/groovy-servlet/2.5.13/groovy-servlet-2.5.13.jar:/home/zadmin/.m2/repository/org/codehaus/groovy/groovy-sql/2.5.13/groovy-sql-2.5.13.jar:/home/zadmin/.m2/repository/org/codehaus/groovy/groovy-swing/2.5.13/groovy-swing-2.5.13.jar:/home/zadmin/.m2/repository/org/codehaus/groovy/groovy-templates/2.5.13/groovy-templates-2.5.13.jar:/home/zadmin/.m2/repository/org/codehaus/groovy/groovy-test/2.5.13/groovy-test-2.5.13.jar:/home/zadmin/.m2/repository/junit/junit/4.13/junit-4.13.jar:/home/zadmin/.m2/repository/org/hamcrest/hamcrest-core/2.2/hamcrest-core-2.2.jar:/home/zadmin/.m2/repository/org/codehaus/groovy/groovy-test-junit5/2.5.13/groovy-test-junit5-2.5.13.jar:/home/zadmin/.m2/repository/org/junit/platform/junit-platform-launcher/1.6.2/junit-platform-launcher-1.6.2.jar:/home/zadmin/.m2/repository/org/codehaus/groovy/groovy-testng/2.5.13/groovy-testng-2.5.13.jar:/home/zadmin/.m2/repository/org/testng/testng/6.13.1/testng-6.13.1.jar:/home/zadmin/.m2/repository/com/beust/jcommander/1.72/jcommander-1.72.jar:/home/zadmin/.m2/repository/org/codehaus/groovy/groovy-xml/2.5.13/groovy-xml-2.5.13.jar:/home/zadmin/.m2/repository/commons-lang/commons-lang/2.3/commons-lang-2.3.jar:/home/zadmin/.m2/repository/log4j/log4j/1.2.15/log4j-1.2.15.jar:/home/zadmin/.m2/repository/javax/mail/mail/1.4/mail-1.4.jar:/home/zadmin/.m2/repository/javax/activation/activation/1.1/activation-1.1.jar:"/>
    <property name="sun.cpu.endian" value="little"/>
    <property name="user.home" value="/home/zadmin"/>
    <property name="user.language" value="en"/>
    <property name="java.specification.vendor" value="Oracle Corporation"/>
    <property name="java.version.date" value="2020-10-20"/>
    <property name="java.home" value="/usr/lib/jvm/jdk-11.0.9"/>
    <property name="file.separator" value="/"/>
    <property name="basedir" value="/home/zadmin/Mahidhar/Boot-camps/clean-code/cleancode2/zinteract/cleancode2"/>
    <property name="java.vm.compressedOopsMode" value="Zero based"/>
    <property name="line.separator" value="&#10;"/>
    <property name="java.specification.name" value="Java Platform API Specification"/>
    <property name="java.vm.specification.vendor" value="Oracle Corporation"/>
    <property name="java.awt.graphicsenv" value="sun.awt.X11GraphicsEnvironment"/>
    <property name="surefire.real.class.path" value="/home/zadmin/Mahidhar/Boot-camps/clean-code/cleancode2/zinteract/cleancode2/target/surefire/surefirebooter18352832079144749123.jar"/>
    <property name="sun.management.compiler" value="HotSpot 64-Bit Tiered Compilers"/>
    <property name="java.runtime.version" value="11.0.9+7-LTS"/>
    <property name="user.name" value="zadmin"/>
    <property name="path.separator" value=":"/>
    <property name="os.version" value="5.4.0-56-generic"/>
    <property name="java.runtime.name" value="Java(TM) SE Runtime Environment"/>
    <property name="file.encoding" value="UTF-8"/>
    <property name="java.vm.name" value="Java HotSpot(TM) 64-Bit Server VM"/>
    <property name="java.vendor.version" value="18.9"/>
    <property name="localRepository" value="/home/zadmin/.m2/repository"/>
    <property name="java.vendor.url.bug" value="https://bugreport.java.com/bugreport/"/>
    <property name="java.io.tmpdir" value="/tmp"/>
    <property name="java.version" value="11.0.9"/>
    <property name="user.dir" value="/home/zadmin/Mahidhar/Boot-camps/clean-code/cleancode2/zinteract/cleancode2"/>
    <property name="os.arch" value="amd64"/>
    <property name="java.vm.specification.name" value="Java Virtual Machine Specification"/>
    <property name="java.awt.printerjob" value="sun.print.PSPrinterJob"/>
    <property name="sun.os.patch.level" value="unknown"/>
    <property name="java.library.path" value="/usr/java/packages/lib:/usr/lib64:/lib64:/lib:/usr/lib"/>
    <property name="java.vendor" value="Oracle Corporation"/>
    <property name="java.vm.info" value="mixed mode"/>
    <property name="java.vm.version" value="11.0.9+7-LTS"/>
    <property name="sun.io.unicode.encoding" value="UnicodeLittle"/>
    <property name="java.class.version" value="55.0"/>
  </properties>
  <testcase name="testTaxCalBelow25K on testTaxCalBelow25K(com.zemoso.zinteract.TaxCalculatorTest)" classname="com.zemoso.zinteract.TaxCalculatorTest" time="1.359"/>
  <testcase name="testTaxCalAbove100K on testTaxCalAbove100K(com.zemoso.zinteract.TaxCalculatorTest)" classname="com.zemoso.zinteract.TaxCalculatorTest" time="0.204"/>
  <testcase name="testTaxCal25KTo50K on testTaxCal25KTo50K(com.zemoso.zinteract.TaxCalculatorTest)" classname="com.zemoso.zinteract.TaxCalculatorTest" time="0.062"/>
  <testcase name="testTaxCal50kTo100K on testTaxCal50kTo100K(com.zemoso.zinteract.TaxCalculatorTest)" classname="com.zemoso.zinteract.TaxCalculatorTest" time="0.066"/>
</testsuite>