<?xml version="1.0" encoding="UTF-8"?>
<!-- Generated by org.testng.reporters.JUnitReportReporter -->
<testsuite hostname="BRPFHC2" failures="0" tests="4" name="com.zemoso.zinteract.TaxCalculatorTest" time="6.303" errors="0" timestamp="16 Dec 2020 09:32:48 GMT" skipped="0">
  <testcase classname="com.zemoso.zinteract.TaxCalculatorTest" name="testTaxCalBelow25K" time="1.375"/>
  <testcase classname="com.zemoso.zinteract.TaxCalculatorTest" name="testTaxCal50kTo100K" time="1.707"/>
  <testcase classname="com.zemoso.zinteract.TaxCalculatorTest" name="testTaxCal25KTo50K" time="1.641"/>
  <testcase classname="com.zemoso.zinteract.TaxCalculatorTest" name="testTaxCalAbove100K" time="1.580"/>
</testsuite> <!-- com.zemoso.zinteract.TaxCalculatorTest -->
